Created by PLY version 3.11 (http://www.dabeaz.com/ply)

Grammar

Rule 0     S' -> calc
Rule 1     calc -> expression
Rule 2     calc -> var_assign
Rule 3     calc -> empty
Rule 4     var_assign -> NAME EQUALS expression
Rule 5     empty -> <empty>
Rule 6     expression -> START CLIENT NAME
Rule 7     expression -> STOP NAME
Rule 8     expression -> START SERVER NAME
Rule 9     expression -> NAME CONNECT NAME
Rule 10    expression -> EXIT
Rule 11    expression -> NAME POST NAME STRING
Rule 12    expression -> NAME POST NAME NAME
Rule 13    expression -> GET NAME
Rule 14    expression -> expression EXPONENT expression
Rule 15    expression -> expression MULTIPLY expression
Rule 16    expression -> expression DIVIDE expression
Rule 17    expression -> expression PLUS expression
Rule 18    expression -> expression MINUS expression
Rule 19    expression -> INT
Rule 20    expression -> FLOAT
Rule 21    expression -> STRING
Rule 22    expression -> NAME

Terminals, with rules where they appear

CLIENT               : 6
CONNECT              : 9
DIVIDE               : 16
EQUALS               : 4
EXIT                 : 10
EXPONENT             : 14
FLOAT                : 20
GET                  : 13
INT                  : 19
MINUS                : 18
MULTIPLY             : 15
NAME                 : 4 6 7 8 9 9 11 11 12 12 12 13 22
PLUS                 : 17
POST                 : 11 12
SERVER               : 8
START                : 6 8
STOP                 : 7
STRING               : 11 21
error                : 

Nonterminals, with rules where they appear

calc                 : 0
empty                : 3
expression           : 1 4 14 14 15 15 16 16 17 17 18 18
var_assign           : 2

Parsing method: LALR

state 0

    (0) S' -> . calc
    (1) calc -> . expression
    (2) calc -> . var_assign
    (3) calc -> . empty
    (6) expression -> . START CLIENT NAME
    (7) expression -> . STOP NAME
    (8) expression -> . START SERVER NAME
    (9) expression -> . NAME CONNECT NAME
    (10) expression -> . EXIT
    (11) expression -> . NAME POST NAME STRING
    (12) expression -> . NAME POST NAME NAME
    (13) expression -> . GET NAME
    (14) expression -> . expression EXPONENT expression
    (15) expression -> . expression MULTIPLY expression
    (16) expression -> . expression DIVIDE expression
    (17) expression -> . expression PLUS expression
    (18) expression -> . expression MINUS expression
    (19) expression -> . INT
    (20) expression -> . FLOAT
    (21) expression -> . STRING
    (22) expression -> . NAME
    (4) var_assign -> . NAME EQUALS expression
    (5) empty -> .

    START           shift and go to state 5
    STOP            shift and go to state 7
    NAME            shift and go to state 6
    EXIT            shift and go to state 8
    GET             shift and go to state 10
    INT             shift and go to state 11
    FLOAT           shift and go to state 12
    STRING          shift and go to state 9
    $end            reduce using rule 5 (empty -> .)

    calc                           shift and go to state 1
    expression                     shift and go to state 2
    var_assign                     shift and go to state 3
    empty                          shift and go to state 4

state 1

    (0) S' -> calc .



state 2

    (1) calc -> expression .
    (14) expression -> expression . EXPONENT expression
    (15) expression -> expression . MULTIPLY expression
    (16) expression -> expression . DIVIDE expression
    (17) expression -> expression . PLUS expression
    (18) expression -> expression . MINUS expression

    $end            reduce using rule 1 (calc -> expression .)
    EXPONENT        shift and go to state 13
    MULTIPLY        shift and go to state 14
    DIVIDE          shift and go to state 15
    PLUS            shift and go to state 16
    MINUS           shift and go to state 17


state 3

    (2) calc -> var_assign .

    $end            reduce using rule 2 (calc -> var_assign .)


state 4

    (3) calc -> empty .

    $end            reduce using rule 3 (calc -> empty .)


state 5

    (6) expression -> START . CLIENT NAME
    (8) expression -> START . SERVER NAME

    CLIENT          shift and go to state 18
    SERVER          shift and go to state 19


state 6

    (9) expression -> NAME . CONNECT NAME
    (11) expression -> NAME . POST NAME STRING
    (12) expression -> NAME . POST NAME NAME
    (22) expression -> NAME .
    (4) var_assign -> NAME . EQUALS expression

    CONNECT         shift and go to state 20
    POST            shift and go to state 21
    EXPONENT        reduce using rule 22 (expression -> NAME .)
    MULTIPLY        reduce using rule 22 (expression -> NAME .)
    DIVIDE          reduce using rule 22 (expression -> NAME .)
    PLUS            reduce using rule 22 (expression -> NAME .)
    MINUS           reduce using rule 22 (expression -> NAME .)
    $end            reduce using rule 22 (expression -> NAME .)
    EQUALS          shift and go to state 22


state 7

    (7) expression -> STOP . NAME

    NAME            shift and go to state 23


state 8

    (10) expression -> EXIT .

    EXPONENT        reduce using rule 10 (expression -> EXIT .)
    MULTIPLY        reduce using rule 10 (expression -> EXIT .)
    DIVIDE          reduce using rule 10 (expression -> EXIT .)
    PLUS            reduce using rule 10 (expression -> EXIT .)
    MINUS           reduce using rule 10 (expression -> EXIT .)
    $end            reduce using rule 10 (expression -> EXIT .)


state 9

    (21) expression -> STRING .

    EXPONENT        reduce using rule 21 (expression -> STRING .)
    MULTIPLY        reduce using rule 21 (expression -> STRING .)
    DIVIDE          reduce using rule 21 (expression -> STRING .)
    PLUS            reduce using rule 21 (expression -> STRING .)
    MINUS           reduce using rule 21 (expression -> STRING .)
    $end            reduce using rule 21 (expression -> STRING .)


state 10

    (13) expression -> GET . NAME

    NAME            shift and go to state 24


state 11

    (19) expression -> INT .

    EXPONENT        reduce using rule 19 (expression -> INT .)
    MULTIPLY        reduce using rule 19 (expression -> INT .)
    DIVIDE          reduce using rule 19 (expression -> INT .)
    PLUS            reduce using rule 19 (expression -> INT .)
    MINUS           reduce using rule 19 (expression -> INT .)
    $end            reduce using rule 19 (expression -> INT .)


state 12

    (20) expression -> FLOAT .

    EXPONENT        reduce using rule 20 (expression -> FLOAT .)
    MULTIPLY        reduce using rule 20 (expression -> FLOAT .)
    DIVIDE          reduce using rule 20 (expression -> FLOAT .)
    PLUS            reduce using rule 20 (expression -> FLOAT .)
    MINUS           reduce using rule 20 (expression -> FLOAT .)
    $end            reduce using rule 20 (expression -> FLOAT .)


state 13

    (14) expression -> expression EXPONENT . expression
    (6) expression -> . START CLIENT NAME
    (7) expression -> . STOP NAME
    (8) expression -> . START SERVER NAME
    (9) expression -> . NAME CONNECT NAME
    (10) expression -> . EXIT
    (11) expression -> . NAME POST NAME STRING
    (12) expression -> . NAME POST NAME NAME
    (13) expression -> . GET NAME
    (14) expression -> . expression EXPONENT expression
    (15) expression -> . expression MULTIPLY expression
    (16) expression -> . expression DIVIDE expression
    (17) expression -> . expression PLUS expression
    (18) expression -> . expression MINUS expression
    (19) expression -> . INT
    (20) expression -> . FLOAT
    (21) expression -> . STRING
    (22) expression -> . NAME

    START           shift and go to state 5
    STOP            shift and go to state 7
    NAME            shift and go to state 26
    EXIT            shift and go to state 8
    GET             shift and go to state 10
    INT             shift and go to state 11
    FLOAT           shift and go to state 12
    STRING          shift and go to state 9

    expression                     shift and go to state 25

state 14

    (15) expression -> expression MULTIPLY . expression
    (6) expression -> . START CLIENT NAME
    (7) expression -> . STOP NAME
    (8) expression -> . START SERVER NAME
    (9) expression -> . NAME CONNECT NAME
    (10) expression -> . EXIT
    (11) expression -> . NAME POST NAME STRING
    (12) expression -> . NAME POST NAME NAME
    (13) expression -> . GET NAME
    (14) expression -> . expression EXPONENT expression
    (15) expression -> . expression MULTIPLY expression
    (16) expression -> . expression DIVIDE expression
    (17) expression -> . expression PLUS expression
    (18) expression -> . expression MINUS expression
    (19) expression -> . INT
    (20) expression -> . FLOAT
    (21) expression -> . STRING
    (22) expression -> . NAME

    START           shift and go to state 5
    STOP            shift and go to state 7
    NAME            shift and go to state 26
    EXIT            shift and go to state 8
    GET             shift and go to state 10
    INT             shift and go to state 11
    FLOAT           shift and go to state 12
    STRING          shift and go to state 9

    expression                     shift and go to state 27

state 15

    (16) expression -> expression DIVIDE . expression
    (6) expression -> . START CLIENT NAME
    (7) expression -> . STOP NAME
    (8) expression -> . START SERVER NAME
    (9) expression -> . NAME CONNECT NAME
    (10) expression -> . EXIT
    (11) expression -> . NAME POST NAME STRING
    (12) expression -> . NAME POST NAME NAME
    (13) expression -> . GET NAME
    (14) expression -> . expression EXPONENT expression
    (15) expression -> . expression MULTIPLY expression
    (16) expression -> . expression DIVIDE expression
    (17) expression -> . expression PLUS expression
    (18) expression -> . expression MINUS expression
    (19) expression -> . INT
    (20) expression -> . FLOAT
    (21) expression -> . STRING
    (22) expression -> . NAME

    START           shift and go to state 5
    STOP            shift and go to state 7
    NAME            shift and go to state 26
    EXIT            shift and go to state 8
    GET             shift and go to state 10
    INT             shift and go to state 11
    FLOAT           shift and go to state 12
    STRING          shift and go to state 9

    expression                     shift and go to state 28

state 16

    (17) expression -> expression PLUS . expression
    (6) expression -> . START CLIENT NAME
    (7) expression -> . STOP NAME
    (8) expression -> . START SERVER NAME
    (9) expression -> . NAME CONNECT NAME
    (10) expression -> . EXIT
    (11) expression -> . NAME POST NAME STRING
    (12) expression -> . NAME POST NAME NAME
    (13) expression -> . GET NAME
    (14) expression -> . expression EXPONENT expression
    (15) expression -> . expression MULTIPLY expression
    (16) expression -> . expression DIVIDE expression
    (17) expression -> . expression PLUS expression
    (18) expression -> . expression MINUS expression
    (19) expression -> . INT
    (20) expression -> . FLOAT
    (21) expression -> . STRING
    (22) expression -> . NAME

    START           shift and go to state 5
    STOP            shift and go to state 7
    NAME            shift and go to state 26
    EXIT            shift and go to state 8
    GET             shift and go to state 10
    INT             shift and go to state 11
    FLOAT           shift and go to state 12
    STRING          shift and go to state 9

    expression                     shift and go to state 29

state 17

    (18) expression -> expression MINUS . expression
    (6) expression -> . START CLIENT NAME
    (7) expression -> . STOP NAME
    (8) expression -> . START SERVER NAME
    (9) expression -> . NAME CONNECT NAME
    (10) expression -> . EXIT
    (11) expression -> . NAME POST NAME STRING
    (12) expression -> . NAME POST NAME NAME
    (13) expression -> . GET NAME
    (14) expression -> . expression EXPONENT expression
    (15) expression -> . expression MULTIPLY expression
    (16) expression -> . expression DIVIDE expression
    (17) expression -> . expression PLUS expression
    (18) expression -> . expression MINUS expression
    (19) expression -> . INT
    (20) expression -> . FLOAT
    (21) expression -> . STRING
    (22) expression -> . NAME

    START           shift and go to state 5
    STOP            shift and go to state 7
    NAME            shift and go to state 26
    EXIT            shift and go to state 8
    GET             shift and go to state 10
    INT             shift and go to state 11
    FLOAT           shift and go to state 12
    STRING          shift and go to state 9

    expression                     shift and go to state 30

state 18

    (6) expression -> START CLIENT . NAME

    NAME            shift and go to state 31


state 19

    (8) expression -> START SERVER . NAME

    NAME            shift and go to state 32


state 20

    (9) expression -> NAME CONNECT . NAME

    NAME            shift and go to state 33


state 21

    (11) expression -> NAME POST . NAME STRING
    (12) expression -> NAME POST . NAME NAME

    NAME            shift and go to state 34


state 22

    (4) var_assign -> NAME EQUALS . expression
    (6) expression -> . START CLIENT NAME
    (7) expression -> . STOP NAME
    (8) expression -> . START SERVER NAME
    (9) expression -> . NAME CONNECT NAME
    (10) expression -> . EXIT
    (11) expression -> . NAME POST NAME STRING
    (12) expression -> . NAME POST NAME NAME
    (13) expression -> . GET NAME
    (14) expression -> . expression EXPONENT expression
    (15) expression -> . expression MULTIPLY expression
    (16) expression -> . expression DIVIDE expression
    (17) expression -> . expression PLUS expression
    (18) expression -> . expression MINUS expression
    (19) expression -> . INT
    (20) expression -> . FLOAT
    (21) expression -> . STRING
    (22) expression -> . NAME

    START           shift and go to state 5
    STOP            shift and go to state 7
    NAME            shift and go to state 26
    EXIT            shift and go to state 8
    GET             shift and go to state 10
    INT             shift and go to state 11
    FLOAT           shift and go to state 12
    STRING          shift and go to state 9

    expression                     shift and go to state 35

state 23

    (7) expression -> STOP NAME .

    EXPONENT        reduce using rule 7 (expression -> STOP NAME .)
    MULTIPLY        reduce using rule 7 (expression -> STOP NAME .)
    DIVIDE          reduce using rule 7 (expression -> STOP NAME .)
    PLUS            reduce using rule 7 (expression -> STOP NAME .)
    MINUS           reduce using rule 7 (expression -> STOP NAME .)
    $end            reduce using rule 7 (expression -> STOP NAME .)


state 24

    (13) expression -> GET NAME .

    EXPONENT        reduce using rule 13 (expression -> GET NAME .)
    MULTIPLY        reduce using rule 13 (expression -> GET NAME .)
    DIVIDE          reduce using rule 13 (expression -> GET NAME .)
    PLUS            reduce using rule 13 (expression -> GET NAME .)
    MINUS           reduce using rule 13 (expression -> GET NAME .)
    $end            reduce using rule 13 (expression -> GET NAME .)


state 25

    (14) expression -> expression EXPONENT expression .
    (14) expression -> expression . EXPONENT expression
    (15) expression -> expression . MULTIPLY expression
    (16) expression -> expression . DIVIDE expression
    (17) expression -> expression . PLUS expression
    (18) expression -> expression . MINUS expression

    EXPONENT        reduce using rule 14 (expression -> expression EXPONENT expression .)
    MULTIPLY        reduce using rule 14 (expression -> expression EXPONENT expression .)
    DIVIDE          reduce using rule 14 (expression -> expression EXPONENT expression .)
    PLUS            reduce using rule 14 (expression -> expression EXPONENT expression .)
    MINUS           reduce using rule 14 (expression -> expression EXPONENT expression .)
    $end            reduce using rule 14 (expression -> expression EXPONENT expression .)

  ! EXPONENT        [ shift and go to state 13 ]
  ! MULTIPLY        [ shift and go to state 14 ]
  ! DIVIDE          [ shift and go to state 15 ]
  ! PLUS            [ shift and go to state 16 ]
  ! MINUS           [ shift and go to state 17 ]


state 26

    (9) expression -> NAME . CONNECT NAME
    (11) expression -> NAME . POST NAME STRING
    (12) expression -> NAME . POST NAME NAME
    (22) expression -> NAME .

    CONNECT         shift and go to state 20
    POST            shift and go to state 21
    EXPONENT        reduce using rule 22 (expression -> NAME .)
    MULTIPLY        reduce using rule 22 (expression -> NAME .)
    DIVIDE          reduce using rule 22 (expression -> NAME .)
    PLUS            reduce using rule 22 (expression -> NAME .)
    MINUS           reduce using rule 22 (expression -> NAME .)
    $end            reduce using rule 22 (expression -> NAME .)


state 27

    (15) expression -> expression MULTIPLY expression .
    (14) expression -> expression . EXPONENT expression
    (15) expression -> expression . MULTIPLY expression
    (16) expression -> expression . DIVIDE expression
    (17) expression -> expression . PLUS expression
    (18) expression -> expression . MINUS expression

    MULTIPLY        reduce using rule 15 (expression -> expression MULTIPLY expression .)
    DIVIDE          reduce using rule 15 (expression -> expression MULTIPLY expression .)
    PLUS            reduce using rule 15 (expression -> expression MULTIPLY expression .)
    MINUS           reduce using rule 15 (expression -> expression MULTIPLY expression .)
    $end            reduce using rule 15 (expression -> expression MULTIPLY expression .)
    EXPONENT        shift and go to state 13

  ! EXPONENT        [ reduce using rule 15 (expression -> expression MULTIPLY expression .) ]
  ! MULTIPLY        [ shift and go to state 14 ]
  ! DIVIDE          [ shift and go to state 15 ]
  ! PLUS            [ shift and go to state 16 ]
  ! MINUS           [ shift and go to state 17 ]


state 28

    (16) expression -> expression DIVIDE expression .
    (14) expression -> expression . EXPONENT expression
    (15) expression -> expression . MULTIPLY expression
    (16) expression -> expression . DIVIDE expression
    (17) expression -> expression . PLUS expression
    (18) expression -> expression . MINUS expression

    MULTIPLY        reduce using rule 16 (expression -> expression DIVIDE expression .)
    DIVIDE          reduce using rule 16 (expression -> expression DIVIDE expression .)
    PLUS            reduce using rule 16 (expression -> expression DIVIDE expression .)
    MINUS           reduce using rule 16 (expression -> expression DIVIDE expression .)
    $end            reduce using rule 16 (expression -> expression DIVIDE expression .)
    EXPONENT        shift and go to state 13

  ! EXPONENT        [ reduce using rule 16 (expression -> expression DIVIDE expression .) ]
  ! MULTIPLY        [ shift and go to state 14 ]
  ! DIVIDE          [ shift and go to state 15 ]
  ! PLUS            [ shift and go to state 16 ]
  ! MINUS           [ shift and go to state 17 ]


state 29

    (17) expression -> expression PLUS expression .
    (14) expression -> expression . EXPONENT expression
    (15) expression -> expression . MULTIPLY expression
    (16) expression -> expression . DIVIDE expression
    (17) expression -> expression . PLUS expression
    (18) expression -> expression . MINUS expression

    PLUS            reduce using rule 17 (expression -> expression PLUS expression .)
    MINUS           reduce using rule 17 (expression -> expression PLUS expression .)
    $end            reduce using rule 17 (expression -> expression PLUS expression .)
    EXPONENT        shift and go to state 13
    MULTIPLY        shift and go to state 14
    DIVIDE          shift and go to state 15

  ! EXPONENT        [ reduce using rule 17 (expression -> expression PLUS expression .) ]
  ! MULTIPLY        [ reduce using rule 17 (expression -> expression PLUS expression .) ]
  ! DIVIDE          [ reduce using rule 17 (expression -> expression PLUS expression .) ]
  ! PLUS            [ shift and go to state 16 ]
  ! MINUS           [ shift and go to state 17 ]


state 30

    (18) expression -> expression MINUS expression .
    (14) expression -> expression . EXPONENT expression
    (15) expression -> expression . MULTIPLY expression
    (16) expression -> expression . DIVIDE expression
    (17) expression -> expression . PLUS expression
    (18) expression -> expression . MINUS expression

    PLUS            reduce using rule 18 (expression -> expression MINUS expression .)
    MINUS           reduce using rule 18 (expression -> expression MINUS expression .)
    $end            reduce using rule 18 (expression -> expression MINUS expression .)
    EXPONENT        shift and go to state 13
    MULTIPLY        shift and go to state 14
    DIVIDE          shift and go to state 15

  ! EXPONENT        [ reduce using rule 18 (expression -> expression MINUS expression .) ]
  ! MULTIPLY        [ reduce using rule 18 (expression -> expression MINUS expression .) ]
  ! DIVIDE          [ reduce using rule 18 (expression -> expression MINUS expression .) ]
  ! PLUS            [ shift and go to state 16 ]
  ! MINUS           [ shift and go to state 17 ]


state 31

    (6) expression -> START CLIENT NAME .

    EXPONENT        reduce using rule 6 (expression -> START CLIENT NAME .)
    MULTIPLY        reduce using rule 6 (expression -> START CLIENT NAME .)
    DIVIDE          reduce using rule 6 (expression -> START CLIENT NAME .)
    PLUS            reduce using rule 6 (expression -> START CLIENT NAME .)
    MINUS           reduce using rule 6 (expression -> START CLIENT NAME .)
    $end            reduce using rule 6 (expression -> START CLIENT NAME .)


state 32

    (8) expression -> START SERVER NAME .

    EXPONENT        reduce using rule 8 (expression -> START SERVER NAME .)
    MULTIPLY        reduce using rule 8 (expression -> START SERVER NAME .)
    DIVIDE          reduce using rule 8 (expression -> START SERVER NAME .)
    PLUS            reduce using rule 8 (expression -> START SERVER NAME .)
    MINUS           reduce using rule 8 (expression -> START SERVER NAME .)
    $end            reduce using rule 8 (expression -> START SERVER NAME .)


state 33

    (9) expression -> NAME CONNECT NAME .

    EXPONENT        reduce using rule 9 (expression -> NAME CONNECT NAME .)
    MULTIPLY        reduce using rule 9 (expression -> NAME CONNECT NAME .)
    DIVIDE          reduce using rule 9 (expression -> NAME CONNECT NAME .)
    PLUS            reduce using rule 9 (expression -> NAME CONNECT NAME .)
    MINUS           reduce using rule 9 (expression -> NAME CONNECT NAME .)
    $end            reduce using rule 9 (expression -> NAME CONNECT NAME .)


state 34

    (11) expression -> NAME POST NAME . STRING
    (12) expression -> NAME POST NAME . NAME

    STRING          shift and go to state 37
    NAME            shift and go to state 36


state 35

    (4) var_assign -> NAME EQUALS expression .
    (14) expression -> expression . EXPONENT expression
    (15) expression -> expression . MULTIPLY expression
    (16) expression -> expression . DIVIDE expression
    (17) expression -> expression . PLUS expression
    (18) expression -> expression . MINUS expression

    $end            reduce using rule 4 (var_assign -> NAME EQUALS expression .)
    EXPONENT        shift and go to state 13
    MULTIPLY        shift and go to state 14
    DIVIDE          shift and go to state 15
    PLUS            shift and go to state 16
    MINUS           shift and go to state 17


state 36

    (12) expression -> NAME POST NAME NAME .

    EXPONENT        reduce using rule 12 (expression -> NAME POST NAME NAME .)
    MULTIPLY        reduce using rule 12 (expression -> NAME POST NAME NAME .)
    DIVIDE          reduce using rule 12 (expression -> NAME POST NAME NAME .)
    PLUS            reduce using rule 12 (expression -> NAME POST NAME NAME .)
    MINUS           reduce using rule 12 (expression -> NAME POST NAME NAME .)
    $end            reduce using rule 12 (expression -> NAME POST NAME NAME .)


state 37

    (11) expression -> NAME POST NAME STRING .

    EXPONENT        reduce using rule 11 (expression -> NAME POST NAME STRING .)
    MULTIPLY        reduce using rule 11 (expression -> NAME POST NAME STRING .)
    DIVIDE          reduce using rule 11 (expression -> NAME POST NAME STRING .)
    PLUS            reduce using rule 11 (expression -> NAME POST NAME STRING .)
    MINUS           reduce using rule 11 (expression -> NAME POST NAME STRING .)
    $end            reduce using rule 11 (expression -> NAME POST NAME STRING .)

